Build started 10-04-2013 16:51:57.
     1>Project "C:\Users\jch.SYMPHOGEN\Desktop\speciale\projects\md5_attack\md5_attack\md5_attack.vcxproj" on node 2 (rebuild target(s)).
     1>_PrepareForClean:
         Deleting file "Debug\md5_attack.lastbuildstate".
       InitializeBuildStatus:
         Creating "Debug\md5_attack.unsuccessfulbuild" because "AlwaysCreate" was specified.
       ClCompile:
         c:\Program Files (x86)\Microsoft Visual Studio 10.0\VC\bin\CL.exe /c /ZI /nologo /W3 /WX- /Od /Oy- /D _MBCS /Gm /EHsc /RTC1 /MDd /GS /fp:precise /Zc:wchar_t /Zc:forScope /Fo"Debug\\" /Fd"Debug\vc100.pdb" /Gd /TC /analyze- /errorReport:prompt main.c md5.c
         md5.c
         main.c
     1>c:\users\jch.symphogen\desktop\speciale\projects\md5_attack\md5_attack\main.c(10): warning C4996: 'scanf': This function or variable may be unsafe. Consider using scanf_s instead. To disable deprecation, use _CRT_SECURE_NO_WARNINGS. See online help for details.
                 c:\program files (x86)\microsoft visual studio 10.0\vc\include\stdio.h(304) : see declaration of 'scanf'
         Generating Code...
     1>c:\users\jch.symphogen\desktop\speciale\projects\md5_attack\md5_attack\md5.c(78): warning C4715: 'md5' : not all control paths return a value
       Link:
         c:\Program Files (x86)\Microsoft Visual Studio 10.0\VC\bin\link.exe /ERRORREPORT:PROMPT /OUT:"C:\Users\jch.SYMPHOGEN\Desktop\speciale\projects\md5_attack\Debug\md5_attack.exe" /NOLOGO kernel32.lib user32.lib gdi32.lib winspool.lib comdlg32.lib advapi32.lib shell32.lib ole32.lib oleaut32.lib uuid.lib odbc32.lib odbccp32.lib /MANIFEST /ManifestFile:"Debug\md5_attack.exe.intermediate.manifest" /MANIFESTUAC:"level='asInvoker' uiAccess='false'" /DEBUG /PDB:"C:\Users\jch.SYMPHOGEN\Desktop\speciale\projects\md5_attack\Debug\md5_attack.pdb" /TLBID:1 /DYNAMICBASE /NXCOMPAT /IMPLIB:"C:\Users\jch.SYMPHOGEN\Desktop\speciale\projects\md5_attack\Debug\md5_attack.lib" /MACHINE:X86 Debug\main.obj
         Debug\md5.obj
         md5_attack.vcxproj -> C:\Users\jch.SYMPHOGEN\Desktop\speciale\projects\md5_attack\Debug\md5_attack.exe
       Manifest:
         C:\Program Files (x86)\Microsoft SDKs\Windows\v7.0A\bin\mt.exe /nologo /verbose /outputresource:"C:\Users\jch.SYMPHOGEN\Desktop\speciale\projects\md5_attack\Debug\md5_attack.exe;#1" /manifest Debug\md5_attack.exe.intermediate.manifest
       FinalizeBuildStatus:
         Deleting file "Debug\md5_attack.unsuccessfulbuild".
         Touching "Debug\md5_attack.lastbuildstate".
     1>Done Building Project "C:\Users\jch.SYMPHOGEN\Desktop\speciale\projects\md5_attack\md5_attack\md5_attack.vcxproj" (rebuild target(s)).

Build succeeded.

Time Elapsed 00:00:00.25
