Build started 18-06-2013 21:15:54.
     1>Project "C:\Users\jch.SYMPHOGEN\Desktop\speciale\projects\md5_attack\md5_attack\md5_attack.vcxproj" on node 2 (build target(s)).
     1>InitializeBuildStatus:
         Touching "Release\md5_attack.unsuccessfulbuild".
       ClCompile:
         All outputs are up-to-date.
       Link:
         c:\Program Files (x86)\Microsoft Visual Studio 10.0\VC\bin\link.exe /ERRORREPORT:PROMPT /OUT:"C:\Users\jch.SYMPHOGEN\Desktop\speciale\projects\md5_attack\Release\md5_attack.exe" /NOLOGO kernel32.lib user32.lib gdi32.lib winspool.lib comdlg32.lib advapi32.lib shell32.lib ole32.lib oleaut32.lib uuid.lib odbc32.lib odbccp32.lib /MANIFEST /ManifestFile:"Release\md5_attack.exe.intermediate.manifest" /MANIFESTUAC:"level='asInvoker' uiAccess='false'" /DEBUG /PDB:"C:\Users\jch.SYMPHOGEN\Desktop\speciale\projects\md5_attack\Release\md5_attack.pdb" /OPT:REF /OPT:ICF /LTCG /TLBID:1 /DYNAMICBASE /NXCOMPAT /IMPLIB:"C:\Users\jch.SYMPHOGEN\Desktop\speciale\projects\md5_attack\Release\md5_attack.lib" /MACHINE:X86 Release\cacheattack.obj
         Release\common.obj
         Release\main.obj
         Release\md5.obj
         Release\mitmattack.obj
         Release\naivesearch.obj
         Generating code
         Finished generating code
         md5_attack.vcxproj -> C:\Users\jch.SYMPHOGEN\Desktop\speciale\projects\md5_attack\Release\md5_attack.exe
       Manifest:
         C:\Program Files (x86)\Microsoft SDKs\Windows\v7.0A\bin\mt.exe /nologo /verbose /outputresource:"C:\Users\jch.SYMPHOGEN\Desktop\speciale\projects\md5_attack\Release\md5_attack.exe;#1" /manifest Release\md5_attack.exe.intermediate.manifest
       FinalizeBuildStatus:
         Deleting file "Release\md5_attack.unsuccessfulbuild".
         Touching "Release\md5_attack.lastbuildstate".
     1>Done Building Project "C:\Users\jch.SYMPHOGEN\Desktop\speciale\projects\md5_attack\md5_attack\md5_attack.vcxproj" (build target(s)).

Build succeeded.

Time Elapsed 00:00:00.33
